#
# There is insufficient memory for the Java Runtime Environment to continue.
# Native memory allocation (malloc) failed to allocate 32784 bytes for Chunk::new
# Possible reasons:
#   The system is out of physical RAM or swap space
#   In 32 bit mode, the process size limit was hit
# Possible solutions:
#   Reduce memory load on the system
#   Increase physical memory or swap space
#   Check if swap backing store is full
#   Use 64 bit Java on a 64 bit OS
#   Decrease Java heap size (-Xmx/-Xms)
#   Decrease number of Java threads
#   Decrease Java thread stack sizes (-Xss)
#   Set larger code cache with -XX:ReservedCodeCacheSize=
# This output file may be truncated or incomplete.
#
#  Out of Memory Error (allocation.cpp:390), pid=2112, tid=4972
#
# JRE version: Java(TM) SE Runtime Environment (8.0_77-b03) (build 1.8.0_77-b03)
# Java VM: Java HotSpot(TM) 64-Bit Server VM (25.77-b03 mixed mode windows-amd64 compressed oops)
# Failed to write core dump. Minidumps are not enabled by default on client versions of Windows
#

---------------  T H R E A D  ---------------

Current thread (0x0000000006d6c800):  JavaThread "C2 CompilerThread1" daemon [_thread_in_native, id=4972, stack(0x0000000008770000,0x0000000008870000)]

Stack: [0x0000000008770000,0x0000000008870000]
[error occurred during error reporting (printing stack bounds), id 0xc0000005]

Native frames: (J=compiled Java code, j=interpreted, Vv=VM code, C=native code)


Current CompileTask:
C2:   2780 1162       4       com.android.dx.ssa.SCCP::simulateStmt (481 bytes)


---------------  P R O C E S S  ---------------

Java Threads: ( => current thread )
  0x00000000085ee000 JavaThread "pool-2-thread-4" [_thread_blocked, id=9896, stack(0x0000000008f70000,0x0000000009070000)]
  0x00000000085ec800 JavaThread "pool-2-thread-3" [_thread_blocked, id=2220, stack(0x0000000008e70000,0x0000000008f70000)]
  0x00000000085e4800 JavaThread "pool-2-thread-2" [_thread_in_Java, id=8696, stack(0x0000000008d70000,0x0000000008e70000)]
  0x00000000085e0000 JavaThread "pool-3-thread-1" [_thread_blocked, id=5244, stack(0x0000000008c70000,0x0000000008d70000)]
  0x00000000085df800 JavaThread "pool-2-thread-1" [_thread_in_Java, id=1828, stack(0x0000000008b70000,0x0000000008c70000)]
  0x00000000083d9000 JavaThread "Service Thread" daemon [_thread_blocked, id=4640, stack(0x0000000008970000,0x0000000008a70000)]
  0x0000000006d6e800 JavaThread "C1 CompilerThread2" daemon [_thread_in_native, id=10748, stack(0x0000000008870000,0x0000000008970000)]
=>0x0000000006d6c800 JavaThread "C2 CompilerThread1" daemon [_thread_in_native, id=4972, stack(0x0000000008770000,0x0000000008870000)]
  0x0000000006d6a000 JavaThread "C2 CompilerThread0" daemon [_thread_in_native, id=9828, stack(0x0000000008270000,0x0000000008370000)]
  0x0000000006d68000 JavaThread "Attach Listener" daemon [_thread_blocked, id=3216, stack(0x0000000008170000,0x0000000008270000)]
  0x0000000006d67800 JavaThread "Signal Dispatcher" daemon [_thread_blocked, id=7764, stack(0x0000000008070000,0x0000000008170000)]
  0x0000000003634800 JavaThread "Finalizer" daemon [_thread_blocked, id=10304, stack(0x0000000007f70000,0x0000000008070000)]
  0x000000000362f000 JavaThread "Reference Handler" daemon [_thread_blocked, id=9652, stack(0x0000000007e70000,0x0000000007f70000)]
  0x0000000003540800 JavaThread "main" [_thread_blocked, id=6212, stack(0x0000000003010000,0x0000000003110000)]

Other Threads:
  0x0000000006cd8000 VMThread [stack: 0x0000000007d70000,0x0000000007e70000] [id=5864]
  0x00000000083f8800 WatcherThread [stack: 0x0000000008a70000,0x0000000008b70000] [id=8956]

VM state:not at safepoint (normal execution)

VM Mutex/Monitor currently owned by a thread: None

Heap:
 PSYoungGen      total 38400K, used 8506K [0x00000000eab00000, 0x00000000ef600000, 0x0000000100000000)
  eden space 33280K, 10% used [0x00000000eab00000,0x00000000eae4ebf0,0x00000000ecb80000)
  from space 5120K, 99% used [0x00000000ecb80000,0x00000000ed07fc88,0x00000000ed080000)
  to   space 5120K, 0% used [0x00000000ef100000,0x00000000ef100000,0x00000000ef600000)
 ParOldGen       total 87552K, used 1536K [0x00000000c0000000, 0x00000000c5580000, 0x00000000eab00000)
  object space 87552K, 1% used [0x00000000c0000000,0x00000000c01802e0,0x00000000c5580000)
 Metaspace       used 6097K, capacity 6964K, committed 7040K, reserved 1056768K
  class space    used 605K, capacity 620K, committed 640K, reserved 1048576K

Card table byte_map: [0x0000000003a00000,0x0000000003c10000] byte_map_base: 0x0000000003400000

Marking Bits: (ParMarkBitMap*) 0x00000000676e0600
 Begin Bits: [0x0000000004170000, 0x0000000005170000)
 End Bits:   [0x0000000005170000, 0x0000000006170000)

Polling page: 0x0000000003110000

CodeCache: size=245760Kb used=5084Kb max_used=5084Kb free=240675Kb
 bounds [0x000000000f010000, 0x000000000f510000, 0x000000001e010000]
 total_blobs=1549 nmethods=1278 adapters=184
 compilation: enabled

Compilation events (10 events):
Event: 2.742 Thread 0x0000000006d6a000 1168       4       com.android.dx.util.LabeledList::set (45 bytes)
Event: 2.753 Thread 0x0000000006d6a000 nmethod 1168 0x000000000f4f5d50 code [0x000000000f4f5ec0, 0x000000000f4f65d8]
Event: 2.753 Thread 0x0000000006d6a000 1219       4       com.android.dx.rop.cst.CstString::compareTo0 (15 bytes)
Event: 2.754 Thread 0x0000000006d6a000 nmethod 1219 0x000000000f4f4750 code [0x000000000f4f48a0, 0x000000000f4f4a18]
Event: 2.754 Thread 0x0000000006d6a000 1178       4       com.android.dx.ssa.DeadCodeRemover::access$000 (5 bytes)
Event: 2.758 Thread 0x0000000006d6a000 nmethod 1178 0x000000000f4f5610 code [0x000000000f4f5760, 0x000000000f4f5938]
Event: 2.772 Thread 0x0000000006d6a000 1282       4       com.android.dx.rop.type.Type::equals (31 bytes)
Event: 2.772 Thread 0x0000000006d6e800 1272       3       com.android.dx.ssa.ConstCollector::updateConstUses (248 bytes)
Event: 2.773 Thread 0x0000000006d6a000 nmethod 1282 0x000000000f4fbf10 code [0x000000000f4fc060, 0x000000000f4fc1d8]
Event: 2.773 Thread 0x0000000006d6a000 1275       4       java.util.Arrays::hashCode (56 bytes)

GC Heap History (2 events):
Event: 2.621 GC heap before
{Heap before GC invocations=1 (full 0):
 PSYoungGen      total 38400K, used 33280K [0x00000000eab00000, 0x00000000ed580000, 0x0000000100000000)
  eden space 33280K, 100% used [0x00000000eab00000,0x00000000ecb80000,0x00000000ecb80000)
  from space 5120K, 0% used [0x00000000ed080000,0x00000000ed080000,0x00000000ed580000)
  to   space 5120K, 0% used [0x00000000ecb80000,0x00000000ecb80000,0x00000000ed080000)
 ParOldGen       total 87552K, used 0K [0x00000000c0000000, 0x00000000c5580000, 0x00000000eab00000)
  object space 87552K, 0% used [0x00000000c0000000,0x00000000c0000000,0x00000000c5580000)
 Metaspace       used 6051K, capacity 6900K, committed 7040K, reserved 1056768K
  class space    used 605K, capacity 620K, committed 640K, reserved 1048576K
Event: 2.704 GC heap after
Heap after GC invocations=1 (full 0):
 PSYoungGen      total 38400K, used 5119K [0x00000000eab00000, 0x00000000ef600000, 0x0000000100000000)
  eden space 33280K, 0% used [0x00000000eab00000,0x00000000eab00000,0x00000000ecb80000)
  from space 5120K, 99% used [0x00000000ecb80000,0x00000000ed07fc88,0x00000000ed080000)
  to   space 5120K, 0% used [0x00000000ef100000,0x00000000ef100000,0x00000000ef600000)
 ParOldGen       total 87552K, used 1536K [0x00000000c0000000, 0x00000000c5580000, 0x00000000eab00000)
  object space 87552K, 1% used [0x00000000c0000000,0x00000000c01802e0,0x00000000c5580000)
 Metaspace       used 6051K, capacity 6900K, committed 7040K, reserved 1056768K
  class space    used 605K, capacity 620K, committed 640K, reserved 1048576K
}

Deoptimization events (10 events):
Event: 1.084 Thread 0x0000000003540800 Uncommon trap: reason=unstable_if action=reinterpret pc=0x000000000f15da14 method=java.lang.String.compareTo(Ljava/lang/String;)I @ 38
Event: 1.762 Thread 0x00000000085df800 Uncommon trap: reason=unstable_if action=reinterpret pc=0x000000000f244ff0 method=java.util.HashMap.getNode(ILjava/lang/Object;)Ljava/util/HashMap$Node; @ 62
Event: 2.158 Thread 0x00000000085ec800 Uncommon trap: reason=unstable_if action=reinterpret pc=0x000000000f25deb0 method=java.util.BitSet.nextSetBit(I)I @ 87
Event: 2.184 Thread 0x00000000085e4800 Uncommon trap: reason=unstable_if action=reinterpret pc=0x000000000f28d218 method=java.util.HashMap.getNode(ILjava/lang/Object;)Ljava/util/HashMap$Node; @ 129
Event: 2.218 Thread 0x00000000085ec800 Uncommon trap: reason=unstable_if action=reinterpret pc=0x000000000f2944f4 method=java.util.BitSet.ensureCapacity(I)V @ 6
Event: 2.451 Thread 0x0000000003540800 Uncommon trap: reason=unstable_if action=reinterpret pc=0x000000000f3a1524 method=com.android.dx.rop.code.RegisterSpec.equals(ILcom/android/dx/rop/type/TypeBearer;Lcom/android/dx/rop/code/LocalItem;)Z @ 16
Event: 2.451 Thread 0x0000000003540800 Uncommon trap: reason=unstable_if action=reinterpret pc=0x000000000f316bc4 method=com.android.dx.rop.code.RegisterSpec.equals(ILcom/android/dx/rop/type/TypeBearer;Lcom/android/dx/rop/code/LocalItem;)Z @ 16
Event: 2.452 Thread 0x0000000003540800 Uncommon trap: reason=unstable_if action=reinterpret pc=0x000000000f2f3534 method=com.android.dx.rop.code.RegisterSpec.equals(ILcom/android/dx/rop/type/TypeBearer;Lcom/android/dx/rop/code/LocalItem;)Z @ 16
Event: 2.491 Thread 0x00000000085df800 Uncommon trap: reason=bimorphic action=maybe_recompile pc=0x000000000f457f84 method=java.util.HashMap.putVal(ILjava/lang/Object;Ljava/lang/Object;ZZ)Ljava/lang/Object; @ 91
Event: 2.761 Thread 0x00000000085df800 Uncommon trap: reason=null_check action=make_not_entrant pc=0x000000000f482ae0 method=com.android.dx.rop.type.Type.equals(Ljava/lang/Object;)Z @ 8

Internal exceptions (3 events):
Event: 0.099 Thread 0x0000000003540800 Exception <a 'java/lang/NoSuchMethodError': Method sun.misc.Unsafe.defineClass(Ljava/lang/String;[BII)Ljava/lang/Class; name or signature does not match> (0x00000000eab07cc0) thrown at [D:\re\workspace\8-2-build-windows-amd64-cygwin\jdk8u77\6540\hotspot\srùã>éód¹?
Event: 0.099 Thread 0x0000000003540800 Exception <a 'java/lang/NoSuchMethodError': Method sun.misc.Unsafe.prefetchRead(Ljava/lang/Object;J)V name or signature does not match> (0x00000000eab07fa8) thrown at [D:\re\workspace\8-2-build-windows-amd64-cygwin\jdk8u77\6540\hotspot\src\share\vm\prims\jºÀ@@
Event: 2.761 Thread 0x00000000085df800 Implicit null exception at 0x000000000f4829e2 to 0x000000000f482ad2

Events (10 events):
Event: 2.452 Thread 0x0000000003540800 DEOPT PACKING pc=0x000000000f2f3534 sp=0x000000000310e6d0
Event: 2.452 Thread 0x0000000003540800 DEOPT UNPACKING pc=0x000000000f05582a sp=0x000000000310e510 mode 2
Event: 2.491 Thread 0x00000000085df800 Uncommon trap: trap_request=0xffffffc6 fr.pc=0x000000000f457f84
Event: 2.491 Thread 0x00000000085df800 DEOPT PACKING pc=0x000000000f457f84 sp=0x0000000008c6ea80
Event: 2.491 Thread 0x00000000085df800 DEOPT UNPACKING pc=0x000000000f05582a sp=0x0000000008c6ea08 mode 2
Event: 2.547 Executing VM operation: ParallelGCFailedAllocation
Event: 2.704 Executing VM operation: ParallelGCFailedAllocation done
Event: 2.761 Thread 0x00000000085df800 Uncommon trap: trap_request=0xfffffff4 fr.pc=0x000000000f482ae0
Event: 2.761 Thread 0x00000000085df800 DEOPT PACKING pc=0x000000000f482ae0 sp=0x0000000008c6e790
Event: 2.761 Thread 0x00000000085df800 DEOPT UNPACKING pc=0x000000000f05582a sp=0x0000000008c6e718 mode 2


Dynamic libraries:
0x00007ff6d21c0000 - 0x00007ff6d21f7000 	C:\Program Files\Java\jdk1.8.0_77\bin\java.exe
0x00007ffdd72e0000 - 0x00007ffdd74a1000 	C:\WINDOWS\SYSTEM32\ntdll.dll
0x00007ffdd4f10000 - 0x00007ffdd4fbd000 	C:\WINDOWS\system32\KERNEL32.DLL
0x00007ffdd3740000 - 0x00007ffdd3928000 	C:\WINDOWS\system32\KERNELBASE.dll
0x00007ffdd5410000 - 0x00007ffdd54b7000 	C:\WINDOWS\system32\ADVAPI32.dll
0x00007ffdd5130000 - 0x00007ffdd51cd000 	C:\WINDOWS\system32\msvcrt.dll
0x00007ffdd4720000 - 0x00007ffdd477b000 	C:\WINDOWS\system32\sechost.dll
0x00007ffdd4a60000 - 0x00007ffdd4b7c000 	C:\WINDOWS\system32\RPCRT4.dll
0x00007ffdd4d30000 - 0x00007ffdd4e86000 	C:\WINDOWS\system32\USER32.dll
0x00007ffdd5a90000 - 0x00007ffdd5c16000 	C:\WINDOWS\system32\GDI32.dll
0x00007ffdcdb00000 - 0x00007ffdcdd74000 	C:\WINDOWS\WinSxS\amd64_microsoft.windows.common-controls_6595b64144ccf1df_6.0.10586.494_none_a2d8b04ea53e3145\COMCTL32.dll
0x00007ffdd47e0000 - 0x00007ffdd4a5d000 	C:\WINDOWS\system32\combase.dll
0x00007ffdd3930000 - 0x00007ffdd399a000 	C:\WINDOWS\system32\bcryptPrimitives.dll
0x00007ffdd46e0000 - 0x00007ffdd471b000 	C:\WINDOWS\system32\IMM32.DLL
0x00007ffdd35c0000 - 0x00007ffdd35f1000 	C:\WINDOWS\system32\nvinitx.dll
0x00007ffdd35b0000 - 0x00007ffdd35ba000 	C:\WINDOWS\SYSTEM32\VERSION.dll
0x000000000f000000 - 0x000000000f006000 	C:\Program Files\NVIDIA Corporation\CoProcManager\_etoured.dll
0x00007ffdd1e20000 - 0x00007ffdd1e53000 	C:\Program Files\NVIDIA Corporation\CoProcManager\nvd3d9wrapx.dll
0x00007ffdd5640000 - 0x00007ffdd5a69000 	C:\WINDOWS\system32\SETUPAPI.dll
0x00007ffdd3aa0000 - 0x00007ffdd3ae3000 	C:\WINDOWS\system32\CFGMGR32.dll
0x00007ffdd07f0000 - 0x00007ffdd0812000 	C:\Program Files\NVIDIA Corporation\CoProcManager\nvdxgiwrapx.dll
0x0000000066b10000 - 0x0000000066be2000 	C:\Program Files\Java\jdk1.8.0_77\jre\bin\msvcr100.dll
0x0000000066ed0000 - 0x0000000067760000 	C:\Program Files\Java\jdk1.8.0_77\jre\bin\server\jvm.dll
0x00007ffdd39a0000 - 0x00007ffdd39c3000 	C:\WINDOWS\system32\WINMM.dll
0x00007ffdd36f0000 - 0x00007ffdd371c000 	C:\WINDOWS\system32\WINMMBASE.dll
0x00007ffdd5a70000 - 0x00007ffdd5a78000 	C:\WINDOWS\system32\PSAPI.DLL
0x00007ffdcb530000 - 0x00007ffdcb539000 	C:\WINDOWS\SYSTEM32\WSOCK32.dll
0x00007ffdd4670000 - 0x00007ffdd46db000 	C:\WINDOWS\system32\WS2_32.dll
0x0000000067da0000 - 0x0000000067daf000 	C:\Program Files\Java\jdk1.8.0_77\jre\bin\verify.dll
0x0000000067d70000 - 0x0000000067d99000 	C:\Program Files\Java\jdk1.8.0_77\jre\bin\java.dll
0x0000000067d50000 - 0x0000000067d66000 	C:\Program Files\Java\jdk1.8.0_77\jre\bin\zip.dll
0x00007ffdd5d80000 - 0x00007ffdd72dc000 	C:\WINDOWS\system32\SHELL32.dll
0x00007ffdd3ba0000 - 0x00007ffdd41e5000 	C:\WINDOWS\system32\windows.storage.dll
0x00007ffdd4e90000 - 0x00007ffdd4ee2000 	C:\WINDOWS\system32\shlwapi.dll
0x00000000031c0000 - 0x00000000031cf000 	C:\WINDOWS\system32\kernel.appcore.dll
0x00007ffdd39e0000 - 0x00007ffdd3a95000 	C:\WINDOWS\system32\shcore.dll
0x00007ffdd44d0000 - 0x00007ffdd451b000 	C:\WINDOWS\system32\powrprof.dll
0x00007ffdd36d0000 - 0x00007ffdd36e4000 	C:\WINDOWS\system32\profapi.dll

VM Arguments:
jvm_args: -Djava.awt.headless=true -Xmx1024M -Dfile.encoding=GBK -Duser.country=CN -Duser.language=zh -Duser.variant 
java_command: com.android.dx.command.Main --dex --force-jumbo --num-threads=4 --multi-dex --output E:\android project\rememberwords\app\build\intermediates\transforms\dex\debug\folders\1000\10\com.android.support-design-23.4.0_d740fac6a2636172b9f43d5a80a6ba953726aea7 E:\android project\rememberwords\app\build\intermediates\exploded-aar\com.android.support\design\23.4.0\jars\classes.jar
java_class_path (initial): D:\sdk\build-tools\24.0.1\lib\dx.jar
Launcher Type: SUN_STANDARD

Environment Variables:
PATH=C:\ProgramData\Oracle\Java\javapath;C:\WINDOWS\system32;C:\WINDOWS;C:\WINDOWS\System32\Wbem;C:\WINDOWS\System32\WindowsPowerShell\v1.0\;C:\Program Files\Java\jdk1.8.0_77\bin;C:\Program Files\Java\jdk1.8.0_77\jre\bin;D:\sdk\toos;D:\sdk\platform-tools;C:\WINDOWS\system32\config\systemprofile\.dnx\bin;C:\Program Files\Microsoft DNX\Dnvm\;C:\Program Files\Microsoft SQL Server\130\Tools\Binn\;D:\mysql\bin;E:\emsys\sam-ba_2.12\drv\;E:\emsys\sam-ba_2.12
USERNAME=zhangpeng
OS=Windows_NT
PROCESSOR_IDENTIFIER=Intel64 Family 6 Model 58 Stepping 9, GenuineIntel



---------------  S Y S T E M  ---------------

OS: Windows 10.0 , 64 bit Build 10586 (10.0.10586.0)

CPU:total 4 (2 cores per cpu, 2 threads per core) family 6 model 58 stepping 9, cmov, cx8, fxsr, mmx, sse, sse2, sse3, ssse3, sse4.1, sse4.2, popcnt, avx, aes, clmul, erms, ht, tsc, tscinvbit, tscinv

Memory: 4k page, physical 8263656k(1161636k free), swap 8263656k(4120k free)

vm_info: Java HotSpot(TM) 64-Bit Server VM (25.77-b03) for windows-amd64 JRE (1.8.0_77-b03), built on Mar 20 2016 22:01:33 by "java_re" with MS VC++ 10.0 (VS2010)

time: Wed Sep 07 20:38:50 2016
elapsed time: 2 seconds (0d 0h 0m 2s)

