#
# There is insufficient memory for the Java Runtime Environment to continue.
# Native memory allocation (malloc) failed to allocate 1215296 bytes for Chunk::new
# Possible reasons:
#   The system is out of physical RAM or swap space
#   In 32 bit mode, the process size limit was hit
# Possible solutions:
#   Reduce memory load on the system
#   Increase physical memory or swap space
#   Check if swap backing store is full
#   Use 64 bit Java on a 64 bit OS
#   Decrease Java heap size (-Xmx/-Xms)
#   Decrease number of Java threads
#   Decrease Java thread stack sizes (-Xss)
#   Set larger code cache with -XX:ReservedCodeCacheSize=
# This output file may be truncated or incomplete.
#
#  Out of Memory Error (allocation.cpp:390), pid=400, tid=13788
#
# JRE version: Java(TM) SE Runtime Environment (8.0_77-b03) (build 1.8.0_77-b03)
# Java VM: Java HotSpot(TM) 64-Bit Server VM (25.77-b03 mixed mode windows-amd64 compressed oops)
# Failed to write core dump. Minidumps are not enabled by default on client versions of Windows
#

---------------  T H R E A D  ---------------

Current thread (0x0000000006c6c000):  JavaThread "C2 CompilerThread1" daemon [_thread_in_native, id=13788, stack(0x0000000008d20000,0x0000000008e20000)]

Stack: [0x0000000008d20000,0x0000000008e20000]
[error occurred during error reporting (printing stack bounds), id 0xc0000005]

Native frames: (J=compiled Java code, j=interpreted, Vv=VM code, C=native code)


Current CompileTask:
C2:   8698 1641   !   4       com.android.dx.cf.code.Ropper::processBlock (1101 bytes)


---------------  P R O C E S S  ---------------

Java Threads: ( => current thread )
  0x0000000008bd8000 JavaThread "pool-2-thread-4" [_thread_blocked, id=14768, stack(0x0000000009720000,0x0000000009820000)]
  0x0000000008bd7000 JavaThread "pool-2-thread-3" [_thread_blocked, id=14632, stack(0x0000000009620000,0x0000000009720000)]
  0x0000000008bd6000 JavaThread "pool-2-thread-2" [_thread_blocked, id=1692, stack(0x0000000009520000,0x0000000009620000)]
  0x0000000008bd5800 JavaThread "pool-3-thread-1" [_thread_blocked, id=5160, stack(0x0000000009220000,0x0000000009320000)]
  0x0000000008bd2800 JavaThread "pool-2-thread-1" [_thread_in_Java, id=16876, stack(0x0000000009120000,0x0000000009220000)]
  0x000000000897f000 JavaThread "Service Thread" daemon [_thread_blocked, id=8604, stack(0x0000000008f20000,0x0000000009020000)]
  0x0000000008976800 JavaThread "C1 CompilerThread2" daemon [_thread_blocked, id=4400, stack(0x0000000008e20000,0x0000000008f20000)]
=>0x0000000006c6c000 JavaThread "C2 CompilerThread1" daemon [_thread_in_native, id=13788, stack(0x0000000008d20000,0x0000000008e20000)]
  0x0000000006c6a000 JavaThread "C2 CompilerThread0" daemon [_thread_in_native, id=3840, stack(0x0000000008820000,0x0000000008920000)]
  0x0000000006c68800 JavaThread "Attach Listener" daemon [_thread_blocked, id=12864, stack(0x0000000008720000,0x0000000008820000)]
  0x0000000006c67800 JavaThread "Signal Dispatcher" daemon [_thread_blocked, id=6160, stack(0x0000000008620000,0x0000000008720000)]
  0x000000000353a000 JavaThread "Finalizer" daemon [_thread_blocked, id=13604, stack(0x0000000007e70000,0x0000000007f70000)]
  0x000000000352f000 JavaThread "Reference Handler" daemon [_thread_blocked, id=1200, stack(0x0000000007d70000,0x0000000007e70000)]
  0x0000000003440800 JavaThread "main" [_thread_in_Java, id=17056, stack(0x0000000002f70000,0x0000000003070000)]

Other Threads:
  0x0000000006bd8000 VMThread [stack: 0x0000000007c70000,0x0000000007d70000] [id=8320]
  0x00000000089e2000 WatcherThread [stack: 0x0000000009020000,0x0000000009120000] [id=3620]

VM state:not at safepoint (normal execution)

VM Mutex/Monitor currently owned by a thread: None

Heap:
 PSYoungGen      total 38400K, used 36920K [0x00000000eab00000, 0x00000000ef300000, 0x0000000100000000)
  eden space 33280K, 95% used [0x00000000eab00000,0x00000000eca0fe80,0x00000000ecb80000)
  from space 5120K, 99% used [0x00000000ed080000,0x00000000ed57e1a0,0x00000000ed580000)
  to   space 5120K, 0% used [0x00000000ecb80000,0x00000000ecb80000,0x00000000ed080000)
 ParOldGen       total 34816K, used 2755K [0x00000000c0000000, 0x00000000c2200000, 0x00000000eab00000)
  object space 34816K, 7% used [0x00000000c0000000,0x00000000c02b0c60,0x00000000c2200000)
 Metaspace       used 6273K, capacity 7094K, committed 7296K, reserved 1060864K
  class space    used 608K, capacity 622K, committed 640K, reserved 1048576K

Card table byte_map: [0x0000000003900000,0x0000000003b10000] byte_map_base: 0x0000000003300000

Marking Bits: (ParMarkBitMap*) 0x000000006fbe0600
 Begin Bits: [0x0000000004070000, 0x0000000005070000)
 End Bits:   [0x0000000005070000, 0x0000000006070000)

Polling page: 0x0000000003070000

CodeCache: size=245760Kb used=7257Kb max_used=7284Kb free=238503Kb
 bounds [0x000000000f010000, 0x000000000f740000, 0x000000001e010000]
 total_blobs=1911 nmethods=1639 adapters=184
 compilation: enabled

Compilation events (10 events):
Event: 8.542 Thread 0x0000000008976800 1645       3       com.android.dx.cf.code.OneLocalsArray::makeInitialized (55 bytes)
Event: 8.542 Thread 0x0000000008976800 nmethod 1645 0x000000000f71d350 code [0x000000000f71d500, 0x000000000f71dbb8]
Event: 8.543 Thread 0x0000000008976800 1646       3       com.android.dx.rop.code.ThrowingInsn::accept (8 bytes)
Event: 8.543 Thread 0x0000000008976800 nmethod 1646 0x000000000f70ed50 code [0x000000000f70eec0, 0x000000000f70f0e8]
Event: 8.545 Thread 0x0000000008976800 1647       3       com.android.dx.dex.code.RopTranslator$TranslationVisitor::visitPlainInsn (161 bytes)
Event: 8.547 Thread 0x0000000008976800 nmethod 1647 0x000000000f71ded0 code [0x000000000f71e160, 0x000000000f71f4f8]
Event: 8.552 Thread 0x0000000008976800 1648       3       com.android.dx.ssa.PhiTypeResolver::equalsHandlesNulls (23 bytes)
Event: 8.553 Thread 0x0000000008976800 nmethod 1648 0x000000000f71ff90 code [0x000000000f720120, 0x000000000f720568]
Event: 8.651 Thread 0x0000000006c6c000 nmethod 1543 0x000000000f727510 code [0x000000000f727960, 0x000000000f72ba78]
Event: 8.652 Thread 0x0000000006c6c000 1641   !   4       com.android.dx.cf.code.Ropper::processBlock (1101 bytes)

GC Heap History (6 events):
Event: 2.721 GC heap before
{Heap before GC invocations=1 (full 0):
 PSYoungGen      total 38400K, used 8657K [0x00000000eab00000, 0x00000000ed580000, 0x0000000100000000)
  eden space 33280K, 26% used [0x00000000eab00000,0x00000000eb3746f8,0x00000000ecb80000)
  from space 5120K, 0% used [0x00000000ed080000,0x00000000ed080000,0x00000000ed580000)
  to   space 5120K, 0% used [0x00000000ecb80000,0x00000000ecb80000,0x00000000ed080000)
 ParOldGen       total 87552K, used 0K [0x00000000c0000000, 0x00000000c5580000, 0x00000000eab00000)
  object space 87552K, 0% used [0x00000000c0000000,0x00000000c0000000,0x00000000c5580000)
 Metaspace       used 3624K, capacity 4720K, committed 4864K, reserved 1060864K
  class space    used 393K, capacity 424K, committed 512K, reserved 1048576K
Event: 2.728 GC heap after
Heap after GC invocations=1 (full 0):
 PSYoungGen      total 38400K, used 1232K [0x00000000eab00000, 0x00000000ed580000, 0x0000000100000000)
  eden space 33280K, 0% used [0x00000000eab00000,0x00000000eab00000,0x00000000ecb80000)
  from space 5120K, 24% used [0x00000000ecb80000,0x00000000eccb4080,0x00000000ed080000)
  to   space 5120K, 0% used [0x00000000ed080000,0x00000000ed080000,0x00000000ed580000)
 ParOldGen       total 87552K, used 8K [0x00000000c0000000, 0x00000000c5580000, 0x00000000eab00000)
  object space 87552K, 0% used [0x00000000c0000000,0x00000000c0002000,0x00000000c5580000)
 Metaspace       used 3624K, capacity 4720K, committed 4864K, reserved 1060864K
  class space    used 393K, capacity 424K, committed 512K, reserved 1048576K
}
Event: 2.728 GC heap before
{Heap before GC invocations=2 (full 1):
 PSYoungGen      total 38400K, used 1232K [0x00000000eab00000, 0x00000000ed580000, 0x0000000100000000)
  eden space 33280K, 0% used [0x00000000eab00000,0x00000000eab00000,0x00000000ecb80000)
  from space 5120K, 24% used [0x00000000ecb80000,0x00000000eccb4080,0x00000000ed080000)
  to   space 5120K, 0% used [0x00000000ed080000,0x00000000ed080000,0x00000000ed580000)
 ParOldGen       total 87552K, used 8K [0x00000000c0000000, 0x00000000c5580000, 0x00000000eab00000)
  object space 87552K, 0% used [0x00000000c0000000,0x00000000c0002000,0x00000000c5580000)
 Metaspace       used 3624K, capacity 4720K, committed 4864K, reserved 1060864K
  class space    used 393K, capacity 424K, committed 512K, reserved 1048576K
Event: 2.743 GC heap after
Heap after GC invocations=2 (full 1):
 PSYoungGen      total 38400K, used 0K [0x00000000eab00000, 0x00000000ed580000, 0x0000000100000000)
  eden space 33280K, 0% used [0x00000000eab00000,0x00000000eab00000,0x00000000ecb80000)
  from space 5120K, 0% used [0x00000000ecb80000,0x00000000ecb80000,0x00000000ed080000)
  to   space 5120K, 0% used [0x00000000ed080000,0x00000000ed080000,0x00000000ed580000)
 ParOldGen       total 34816K, used 1153K [0x00000000c0000000, 0x00000000c2200000, 0x00000000eab00000)
  object space 34816K, 3% used [0x00000000c0000000,0x00000000c0120568,0x00000000c2200000)
 Metaspace       used 3624K, capacity 4720K, committed 4864K, reserved 1058816K
  class space    used 393K, capacity 424K, committed 512K, reserved 1048576K
}
Event: 6.190 GC heap before
{Heap before GC invocations=3 (full 1):
 PSYoungGen      total 38400K, used 33280K [0x00000000eab00000, 0x00000000ed580000, 0x0000000100000000)
  eden space 33280K, 100% used [0x00000000eab00000,0x00000000ecb80000,0x00000000ecb80000)
  from space 5120K, 0% used [0x00000000ecb80000,0x00000000ecb80000,0x00000000ed080000)
  to   space 5120K, 0% used [0x00000000ed080000,0x00000000ed080000,0x00000000ed580000)
 ParOldGen       total 34816K, used 1153K [0x00000000c0000000, 0x00000000c2200000, 0x00000000eab00000)
  object space 34816K, 3% used [0x00000000c0000000,0x00000000c0120568,0x00000000c2200000)
 Metaspace       used 6105K, capacity 6966K, committed 7040K, reserved 1058816K
  class space    used 607K, capacity 622K, committed 640K, reserved 1048576K
Event: 6.556 GC heap after
Heap after GC invocations=3 (full 1):
 PSYoungGen      total 38400K, used 5112K [0x00000000eab00000, 0x00000000ef300000, 0x0000000100000000)
  eden space 33280K, 0% used [0x00000000eab00000,0x00000000eab00000,0x00000000ecb80000)
  from space 5120K, 99% used [0x00000000ed080000,0x00000000ed57e1a0,0x00000000ed580000)
  to   space 5120K, 0% used [0x00000000ecb80000,0x00000000ecb80000,0x00000000ed080000)
 ParOldGen       total 34816K, used 2755K [0x00000000c0000000, 0x00000000c2200000, 0x00000000eab00000)
  object space 34816K, 7% used [0x00000000c0000000,0x00000000c02b0c60,0x00000000c2200000)
 Metaspace       used 6105K, capacity 6966K, committed 7040K, reserved 1058816K
  class space    used 607K, capacity 622K, committed 640K, reserved 1048576K
}

Deoptimization events (10 events):
Event: 8.384 Thread 0x0000000008bd2800 Uncommon trap: reason=bimorphic action=maybe_recompile pc=0x000000000f5a92b8 method=com.android.dx.ssa.LiteralOpUpgrader.tryReplacingWithConstant(Lcom/android/dx/ssa/NormalSsaInsn;)Z @ 52
Event: 8.388 Thread 0x0000000008bd2800 Uncommon trap: reason=bimorphic action=maybe_recompile pc=0x000000000f5a92b8 method=com.android.dx.ssa.LiteralOpUpgrader.tryReplacingWithConstant(Lcom/android/dx/ssa/NormalSsaInsn;)Z @ 52
Event: 8.388 Thread 0x0000000008bd2800 Uncommon trap: reason=bimorphic action=maybe_recompile pc=0x000000000f5a92b8 method=com.android.dx.ssa.LiteralOpUpgrader.tryReplacingWithConstant(Lcom/android/dx/ssa/NormalSsaInsn;)Z @ 52
Event: 8.411 Thread 0x0000000008bd8000 Uncommon trap: reason=bimorphic action=maybe_recompile pc=0x000000000f5a92b8 method=com.android.dx.ssa.LiteralOpUpgrader.tryReplacingWithConstant(Lcom/android/dx/ssa/NormalSsaInsn;)Z @ 52
Event: 8.465 Thread 0x0000000008bd6000 Uncommon trap: reason=unstable_if action=reinterpret pc=0x000000000f6d9db8 method=com.android.dx.util.BitIntSet.has(I)Z @ 8
Event: 8.486 Thread 0x0000000008bd6000 Uncommon trap: reason=uninitialized action=reinterpret pc=0x000000000f5dfb18 method=com.android.dx.cf.code.BytecodeArray.parseInstruction(ILcom/android/dx/cf/code/BytecodeArray$Visitor;)I @ 999
Event: 8.506 Thread 0x0000000008bd6000 Uncommon trap: reason=bimorphic action=maybe_recompile pc=0x000000000f6200ac method=com.android.dx.cf.code.RopperMachine.run(Lcom/android/dx/cf/code/Frame;II)V @ 978
Event: 8.508 Thread 0x0000000008bd6000 Uncommon trap: reason=bimorphic action=maybe_recompile pc=0x000000000f506bcc method=java.util.HashMap.putVal(ILjava/lang/Object;Ljava/lang/Object;ZZ)Ljava/lang/Object; @ 203
Event: 8.512 Thread 0x0000000008bd6000 Uncommon trap: reason=unstable_if action=reinterpret pc=0x000000000f642c4c method=com.android.dx.util.MutabilityControl.isImmutable()Z @ 4
Event: 8.538 Thread 0x0000000008bd2800 Uncommon trap: reason=unstable_if action=reinterpret pc=0x000000000f64e320 method=com.android.dx.util.MutabilityControl.isImmutable()Z @ 4

Internal exceptions (4 events):
Event: 0.076 Thread 0x0000000003440800 Exception <a 'java/lang/NoSuchMethodError': Method sun.misc.Unsafe.defineClass(Ljava/lang/String;[BII)Ljava/lang/Class; name or signature does not match> (0x00000000eab07cc0) thrown at [D:\re\workspace\8-2-build-windows-amd64-cygwin\jdk8u77\6540\hotspot\sr⁄VÃPë≥?
Event: 0.076 Thread 0x0000000003440800 Exception <a 'java/lang/NoSuchMethodError': Method sun.misc.Unsafe.prefetchRead(Ljava/lang/Object;J)V name or signature does not match> (0x00000000eab07fa8) thrown at [D:\re\workspace\8-2-build-windows-amd64-cygwin\jdk8u77\6540\hotspot\src\share\vm\prims\jŸcÒ6è$@
Event: 5.036 Thread 0x0000000008bd2800 Implicit null exception at 0x000000000f3680a2 to 0x000000000f368192
Event: 5.328 Thread 0x0000000008bd6000 Implicit null exception at 0x000000000f342007 to 0x000000000f344045

Events (10 events):
Event: 8.506 Thread 0x0000000008bd6000 DEOPT UNPACKING pc=0x000000000f05582a sp=0x000000000961e4e8 mode 2
Event: 8.508 Thread 0x0000000008bd6000 Uncommon trap: trap_request=0xffffffc6 fr.pc=0x000000000f506bcc
Event: 8.508 Thread 0x0000000008bd6000 DEOPT PACKING pc=0x000000000f506bcc sp=0x000000000961ea10
Event: 8.508 Thread 0x0000000008bd6000 DEOPT UNPACKING pc=0x000000000f05582a sp=0x000000000961e998 mode 2
Event: 8.512 Thread 0x0000000008bd6000 Uncommon trap: trap_request=0xffffff65 fr.pc=0x000000000f642c4c
Event: 8.512 Thread 0x0000000008bd6000 DEOPT PACKING pc=0x000000000f642c4c sp=0x000000000961ed70
Event: 8.512 Thread 0x0000000008bd6000 DEOPT UNPACKING pc=0x000000000f05582a sp=0x000000000961eb08 mode 2
Event: 8.538 Thread 0x0000000008bd2800 Uncommon trap: trap_request=0xffffff65 fr.pc=0x000000000f64e320
Event: 8.538 Thread 0x0000000008bd2800 DEOPT PACKING pc=0x000000000f64e320 sp=0x000000000921ea50
Event: 8.538 Thread 0x0000000008bd2800 DEOPT UNPACKING pc=0x000000000f05582a sp=0x000000000921e828 mode 2


Dynamic libraries:
0x00007ff6109d0000 - 0x00007ff610a07000 	C:\Program Files\Java\jdk1.8.0_77\bin\java.exe
0x00007ff90e8f0000 - 0x00007ff90eab1000 	C:\WINDOWS\SYSTEM32\ntdll.dll
0x00007ff90e670000 - 0x00007ff90e71d000 	C:\WINDOWS\system32\KERNEL32.DLL
0x00007ff90b500000 - 0x00007ff90b6e8000 	C:\WINDOWS\system32\KERNELBASE.dll
0x00007ff90e5c0000 - 0x00007ff90e667000 	C:\WINDOWS\system32\ADVAPI32.dll
0x00007ff90cad0000 - 0x00007ff90cb6d000 	C:\WINDOWS\system32\msvcrt.dll
0x00007ff90ca70000 - 0x00007ff90cacb000 	C:\WINDOWS\system32\sechost.dll
0x00007ff90c370000 - 0x00007ff90c48c000 	C:\WINDOWS\system32\RPCRT4.dll
0x00007ff90c890000 - 0x00007ff90c9e6000 	C:\WINDOWS\system32\USER32.dll
0x00007ff90c700000 - 0x00007ff90c886000 	C:\WINDOWS\system32\GDI32.dll
0x00007ff905460000 - 0x00007ff9056d4000 	C:\WINDOWS\WinSxS\amd64_microsoft.windows.common-controls_6595b64144ccf1df_6.0.10586.494_none_a2d8b04ea53e3145\COMCTL32.dll
0x00007ff90cb70000 - 0x00007ff90cded000 	C:\WINDOWS\system32\combase.dll
0x00007ff90bac0000 - 0x00007ff90bb2a000 	C:\WINDOWS\system32\bcryptPrimitives.dll
0x00007ff90ce70000 - 0x00007ff90ceab000 	C:\WINDOWS\system32\IMM32.DLL
0x00007ff90abd0000 - 0x00007ff90ac01000 	C:\WINDOWS\system32\nvinitx.dll
0x00007ff90abc0000 - 0x00007ff90abca000 	C:\WINDOWS\SYSTEM32\VERSION.dll
0x000000000f000000 - 0x000000000f006000 	C:\Program Files\NVIDIA Corporation\CoProcManager\_etoured.dll
0x00007ff909410000 - 0x00007ff909443000 	C:\Program Files\NVIDIA Corporation\CoProcManager\nvd3d9wrapx.dll
0x00007ff90bc90000 - 0x00007ff90c0b9000 	C:\WINDOWS\system32\SETUPAPI.dll
0x00007ff90ae20000 - 0x00007ff90ae63000 	C:\WINDOWS\system32\CFGMGR32.dll
0x00007ff909300000 - 0x00007ff909322000 	C:\Program Files\NVIDIA Corporation\CoProcManager\nvdxgiwrapx.dll
0x000000006eec0000 - 0x000000006ef92000 	C:\Program Files\Java\jdk1.8.0_77\jre\bin\msvcr100.dll
0x000000006f3d0000 - 0x000000006fc60000 	C:\Program Files\Java\jdk1.8.0_77\jre\bin\server\jvm.dll
0x00007ff90ae80000 - 0x00007ff90aea3000 	C:\WINDOWS\system32\WINMM.dll
0x00007ff90ace0000 - 0x00007ff90ad0c000 	C:\WINDOWS\system32\WINMMBASE.dll
0x00007ff90bb30000 - 0x00007ff90bb38000 	C:\WINDOWS\system32\PSAPI.DLL
0x00007ff908420000 - 0x00007ff908429000 	C:\WINDOWS\SYSTEM32\WSOCK32.dll
0x00007ff90e720000 - 0x00007ff90e78b000 	C:\WINDOWS\system32\WS2_32.dll
0x00000000700a0000 - 0x00000000700af000 	C:\Program Files\Java\jdk1.8.0_77\jre\bin\verify.dll
0x0000000070070000 - 0x0000000070099000 	C:\Program Files\Java\jdk1.8.0_77\jre\bin\java.dll
0x000000006f2d0000 - 0x000000006f2e6000 	C:\Program Files\Java\jdk1.8.0_77\jre\bin\zip.dll
0x00007ff90ceb0000 - 0x00007ff90e40c000 	C:\WINDOWS\system32\SHELL32.dll
0x0000000007fd0000 - 0x0000000008615000 	C:\WINDOWS\system32\windows.storage.dll
0x00007ff90c9f0000 - 0x00007ff90ca42000 	C:\WINDOWS\system32\shlwapi.dll
0x00007ff90ad10000 - 0x00007ff90ad1f000 	C:\WINDOWS\system32\kernel.appcore.dll
0x00007ff90b8c0000 - 0x00007ff90b975000 	C:\WINDOWS\system32\shcore.dll
0x00007ff90add0000 - 0x00007ff90ae1b000 	C:\WINDOWS\system32\powrprof.dll
0x00007ff90ad20000 - 0x00007ff90ad34000 	C:\WINDOWS\system32\profapi.dll

VM Arguments:
jvm_args: -Djava.awt.headless=true -Xmx1024M -Dfile.encoding=GBK -Duser.country=CN -Duser.language=zh -Duser.variant 
java_command: com.android.dx.command.Main --dex --force-jumbo --num-threads=4 --multi-dex --output E:\android project\rememberwords\app\build\intermediates\transforms\dex\debug\folders\1000\10\com.android.support-appcompat-v7-23.4.0_27c59c1fd881dfa1a6c4ad9cbe67d8e22f6f620f E:\android project\rememberwords\app\build\intermediates\exploded-aar\com.android.support\appcompat-v7\23.4.0\jars\classes.jar
java_class_path (initial): D:\sdk\build-tools\24.0.1\lib\dx.jar
Launcher Type: SUN_STANDARD

Environment Variables:
PATH=C:\ProgramData\Oracle\Java\javapath;C:\WINDOWS\system32;C:\WINDOWS;C:\WINDOWS\System32\Wbem;C:\WINDOWS\System32\WindowsPowerShell\v1.0\;C:\Program Files\Java\jdk1.8.0_77\bin;C:\Program Files\Java\jdk1.8.0_77\jre\bin;D:\sdk\toos;D:\sdk\platform-tools;C:\WINDOWS\system32\config\systemprofile\.dnx\bin;C:\Program Files\Microsoft DNX\Dnvm\;C:\Program Files\Microsoft SQL Server\130\Tools\Binn\;D:\mysql\bin;E:\emsys\sam-ba_2.12\drv\;E:\emsys\sam-ba_2.12
USERNAME=zhangpeng
OS=Windows_NT
PROCESSOR_IDENTIFIER=Intel64 Family 6 Model 58 Stepping 9, GenuineIntel



---------------  S Y S T E M  ---------------

OS: Windows 10.0 , 64 bit Build 10586 (10.0.10586.0)

CPU:total 4 (2 cores per cpu, 2 threads per core) family 6 model 58 stepping 9, cmov, cx8, fxsr, mmx, sse, sse2, sse3, ssse3, sse4.1, sse4.2, popcnt, avx, aes, clmul, erms, ht, tsc, tscinvbit, tscinv

Memory: 4k page, physical 8263656k(437952k free), swap 8263656k(4624k free)

vm_info: Java HotSpot(TM) 64-Bit Server VM (25.77-b03) for windows-amd64 JRE (1.8.0_77-b03), built on Mar 20 2016 22:01:33 by "java_re" with MS VC++ 10.0 (VS2010)

time: Sun Sep 04 18:35:09 2016
elapsed time: 8 seconds (0d 0h 0m 8s)

