#
# There is insufficient memory for the Java Runtime Environment to continue.
# Native memory allocation (malloc) failed to allocate 32744 bytes for ChunkPool::allocate
# Possible reasons:
#   The system is out of physical RAM or swap space
#   In 32 bit mode, the process size limit was hit
# Possible solutions:
#   Reduce memory load on the system
#   Increase physical memory or swap space
#   Check if swap backing store is full
#   Use 64 bit Java on a 64 bit OS
#   Decrease Java heap size (-Xmx/-Xms)
#   Decrease number of Java threads
#   Decrease Java thread stack sizes (-Xss)
#   Set larger code cache with -XX:ReservedCodeCacheSize=
# This output file may be truncated or incomplete.
#
#  Out of Memory Error (allocation.cpp:273), pid=3172, tid=6724
#
# JRE version: Java(TM) SE Runtime Environment (8.0_77-b03) (build 1.8.0_77-b03)
# Java VM: Java HotSpot(TM) 64-Bit Server VM (25.77-b03 mixed mode windows-amd64 compressed oops)
# Failed to write core dump. Minidumps are not enabled by default on client versions of Windows
#

---------------  T H R E A D  ---------------

Current thread (0x000000000825f800):  JavaThread "C2 CompilerThread1" daemon [_thread_in_native, id=6724, stack(0x0000000008610000,0x0000000008710000)]

Stack: [0x0000000008610000,0x0000000008710000]
[error occurred during error reporting (printing stack bounds), id 0xc0000005]

Native frames: (J=compiled Java code, j=interpreted, Vv=VM code, C=native code)


Current CompileTask:
C2:    725  122       4       java.lang.String::indexOf (70 bytes)


---------------  P R O C E S S  ---------------

Java Threads: ( => current thread )
  0x000000000827b000 JavaThread "Service Thread" daemon [_thread_blocked, id=1560, stack(0x0000000008810000,0x0000000008910000)]
  0x0000000008272800 JavaThread "C1 CompilerThread2" daemon [_thread_blocked, id=7180, stack(0x0000000008710000,0x0000000008810000)]
=>0x000000000825f800 JavaThread "C2 CompilerThread1" daemon [_thread_in_native, id=6724, stack(0x0000000008610000,0x0000000008710000)]
  0x0000000006c1a800 JavaThread "C2 CompilerThread0" daemon [_thread_blocked, id=2568, stack(0x0000000008110000,0x0000000008210000)]
  0x0000000006c18000 JavaThread "Attach Listener" daemon [_thread_blocked, id=5460, stack(0x0000000008010000,0x0000000008110000)]
  0x0000000006c17800 JavaThread "Signal Dispatcher" daemon [_thread_blocked, id=5156, stack(0x0000000007f10000,0x0000000008010000)]
  0x0000000006baa800 JavaThread "Finalizer" daemon [_thread_blocked, id=10608, stack(0x0000000007e10000,0x0000000007f10000)]
  0x00000000034df000 JavaThread "Reference Handler" daemon [_thread_blocked, id=6704, stack(0x0000000007d10000,0x0000000007e10000)]
  0x00000000033f0800 JavaThread "main" [_thread_in_vm, id=1668, stack(0x00000000032f0000,0x00000000033f0000)]

Other Threads:
  0x0000000006b88000 VMThread [stack: 0x0000000007c10000,0x0000000007d10000] [id=1316]
  0x00000000082d5800 WatcherThread [stack: 0x0000000008910000,0x0000000008a10000] [id=6316]

VM state:not at safepoint (normal execution)

VM Mutex/Monitor currently owned by a thread:  ([mutex/lock_event])
[0x0000000002edca00] AdapterHandlerLibrary_lock - owner thread: 0x00000000033f0800

Heap:
 PSYoungGen      total 38400K, used 3332K [0x00000000eab00000, 0x00000000ed580000, 0x0000000100000000)
  eden space 33280K, 10% used [0x00000000eab00000,0x00000000eae410d8,0x00000000ecb80000)
  from space 5120K, 0% used [0x00000000ed080000,0x00000000ed080000,0x00000000ed580000)
  to   space 5120K, 0% used [0x00000000ecb80000,0x00000000ecb80000,0x00000000ed080000)
 ParOldGen       total 87552K, used 0K [0x00000000c0000000, 0x00000000c5580000, 0x00000000eab00000)
  object space 87552K, 0% used [0x00000000c0000000,0x00000000c0000000,0x00000000c5580000)
 Metaspace       used 3695K, capacity 4880K, committed 5120K, reserved 1056768K
  class space    used 410K, capacity 456K, committed 512K, reserved 1048576K

Card table byte_map: [0x00000000038b0000,0x0000000003ac0000] byte_map_base: 0x00000000032b0000

Marking Bits: (ParMarkBitMap*) 0x00000000676e0600
 Begin Bits: [0x0000000004020000, 0x0000000005020000)
 End Bits:   [0x0000000005020000, 0x0000000006020000)

Polling page: 0x0000000002e30000

CodeCache: size=245760Kb used=1314Kb max_used=1325Kb free=244445Kb
 bounds [0x000000000f010000, 0x000000000f280000, 0x000000001e010000]
 total_blobs=381 nmethods=127 adapters=167
 compilation: enabled

Compilation events (10 events):
Event: 0.712 Thread 0x0000000008272800  115  s    3       sun.misc.PerfCounter::get (9 bytes)
Event: 0.712 Thread 0x0000000008272800 nmethod 115 0x000000000f151210 code [0x000000000f151380, 0x000000000f151708]
Event: 0.712 Thread 0x0000000008272800  116       3       java.nio.DirectLongBufferU::put (18 bytes)
Event: 0.712 Thread 0x0000000008272800 nmethod 116 0x000000000f151810 code [0x000000000f151980, 0x000000000f151bf0]
Event: 0.712 Thread 0x0000000008272800  117       1       sun.misc.URLClassPath$JarLoader::access$600 (5 bytes)
Event: 0.712 Thread 0x0000000008272800 nmethod 117 0x000000000f151d10 code [0x000000000f151e60, 0x000000000f151f50]
Event: 0.713 Thread 0x0000000008272800  118       1       java.security.CodeSource::getLocation (5 bytes)
Event: 0.713 Thread 0x0000000008272800 nmethod 118 0x000000000f151fd0 code [0x000000000f152120, 0x000000000f152230]
Event: 0.717 Thread 0x0000000008272800  119   !   3       java.lang.ClassLoader::loadClass (122 bytes)
Event: 0.718 Thread 0x000000000825f800  122       4       java.lang.String::indexOf (70 bytes)

GC Heap History (0 events):
No events

Deoptimization events (0 events):
No events

Internal exceptions (2 events):
Event: 0.037 Thread 0x00000000033f0800 Exception <a 'java/lang/NoSuchMethodError': Method sun.misc.Unsafe.defineClass(Ljava/lang/String;[BII)Ljava/lang/Class; name or signature does not match> (0x00000000eab07cc0) thrown at [D:\re\workspace\8-2-build-windows-amd64-cygwin\jdk8u77\6540\hotspot\sr—ìV!Ç:£?
Event: 0.038 Thread 0x00000000033f0800 Exception <a 'java/lang/NoSuchMethodError': Method sun.misc.Unsafe.prefetchRead(Ljava/lang/Object;J)V name or signature does not match> (0x00000000eab07fa8) thrown at [D:\re\workspace\8-2-build-windows-amd64-cygwin\jdk8u77\6540\hotspot\src\share\vm\prims\j

Events (10 events):
Event: 0.715 loading class com/android/dx/rop/cst/CstFloat
Event: 0.715 loading class com/android/dx/rop/cst/CstFloat done
Event: 0.715 loading class com/android/dx/rop/cst/CstLong
Event: 0.715 loading class com/android/dx/rop/cst/CstLong done
Event: 0.717 loading class com/android/dx/rop/cst/CstLiteral64
Event: 0.717 loading class com/android/dx/rop/cst/CstLiteral64 done
Event: 0.717 loading class com/android/dx/rop/cst/CstDouble
Event: 0.717 loading class com/android/dx/rop/cst/CstDouble done
Event: 0.718 loading class com/android/dx/rop/cst/CstFieldRef
Event: 0.718 loading class com/android/dx/rop/cst/CstFieldRef done


Dynamic libraries:
0x00007ff6d21c0000 - 0x00007ff6d21f7000 	C:\Program Files\Java\jdk1.8.0_77\bin\java.exe
0x00007ffdd72e0000 - 0x00007ffdd74a1000 	C:\WINDOWS\SYSTEM32\ntdll.dll
0x00007ffdd4f10000 - 0x00007ffdd4fbd000 	C:\WINDOWS\system32\KERNEL32.DLL
0x00007ffdd3740000 - 0x00007ffdd3928000 	C:\WINDOWS\system32\KERNELBASE.dll
0x00007ffdd5410000 - 0x00007ffdd54b7000 	C:\WINDOWS\system32\ADVAPI32.dll
0x00007ffdd5130000 - 0x00007ffdd51cd000 	C:\WINDOWS\system32\msvcrt.dll
0x00007ffdd4720000 - 0x00007ffdd477b000 	C:\WINDOWS\system32\sechost.dll
0x00007ffdd4a60000 - 0x00007ffdd4b7c000 	C:\WINDOWS\system32\RPCRT4.dll
0x00007ffdd4d30000 - 0x00007ffdd4e86000 	C:\WINDOWS\system32\USER32.dll
0x00007ffdd5a90000 - 0x00007ffdd5c16000 	C:\WINDOWS\system32\GDI32.dll
0x00007ffdcdb00000 - 0x00007ffdcdd74000 	C:\WINDOWS\WinSxS\amd64_microsoft.windows.common-controls_6595b64144ccf1df_6.0.10586.494_none_a2d8b04ea53e3145\COMCTL32.dll
0x00007ffdd47e0000 - 0x00007ffdd4a5d000 	C:\WINDOWS\system32\combase.dll
0x00007ffdd3930000 - 0x00007ffdd399a000 	C:\WINDOWS\system32\bcryptPrimitives.dll
0x00007ffdd46e0000 - 0x00007ffdd471b000 	C:\WINDOWS\system32\IMM32.DLL
0x00007ffdd35c0000 - 0x00007ffdd35f1000 	C:\WINDOWS\system32\nvinitx.dll
0x00007ffdd35b0000 - 0x00007ffdd35ba000 	C:\WINDOWS\SYSTEM32\VERSION.dll
0x000000000f000000 - 0x000000000f006000 	C:\Program Files\NVIDIA Corporation\CoProcManager\_etoured.dll
0x00007ffdd1e20000 - 0x00007ffdd1e53000 	C:\Program Files\NVIDIA Corporation\CoProcManager\nvd3d9wrapx.dll
0x00007ffdd5640000 - 0x00007ffdd5a69000 	C:\WINDOWS\system32\SETUPAPI.dll
0x00007ffdd3aa0000 - 0x00007ffdd3ae3000 	C:\WINDOWS\system32\CFGMGR32.dll
0x00007ffdd07f0000 - 0x00007ffdd0812000 	C:\Program Files\NVIDIA Corporation\CoProcManager\nvdxgiwrapx.dll
0x0000000066b10000 - 0x0000000066be2000 	C:\Program Files\Java\jdk1.8.0_77\jre\bin\msvcr100.dll
0x0000000066ed0000 - 0x0000000067760000 	C:\Program Files\Java\jdk1.8.0_77\jre\bin\server\jvm.dll
0x00007ffdd39a0000 - 0x00007ffdd39c3000 	C:\WINDOWS\system32\WINMM.dll
0x00007ffdd36f0000 - 0x00007ffdd371c000 	C:\WINDOWS\system32\WINMMBASE.dll
0x00007ffdcb530000 - 0x00007ffdcb539000 	C:\WINDOWS\SYSTEM32\WSOCK32.dll
0x00007ffdd5a70000 - 0x00007ffdd5a78000 	C:\WINDOWS\system32\PSAPI.DLL
0x00007ffdd4670000 - 0x00007ffdd46db000 	C:\WINDOWS\system32\WS2_32.dll
0x0000000067da0000 - 0x0000000067daf000 	C:\Program Files\Java\jdk1.8.0_77\jre\bin\verify.dll
0x0000000067d70000 - 0x0000000067d99000 	C:\Program Files\Java\jdk1.8.0_77\jre\bin\java.dll
0x0000000067d50000 - 0x0000000067d66000 	C:\Program Files\Java\jdk1.8.0_77\jre\bin\zip.dll
0x00007ffdd5d80000 - 0x00007ffdd72dc000 	C:\WINDOWS\system32\SHELL32.dll
0x00007ffdd3ba0000 - 0x00007ffdd41e5000 	C:\WINDOWS\system32\windows.storage.dll
0x00007ffdd4e90000 - 0x00007ffdd4ee2000 	C:\WINDOWS\system32\shlwapi.dll
0x0000000002e80000 - 0x0000000002e8f000 	C:\WINDOWS\system32\kernel.appcore.dll
0x00007ffdd39e0000 - 0x00007ffdd3a95000 	C:\WINDOWS\system32\shcore.dll
0x00007ffdd44d0000 - 0x00007ffdd451b000 	C:\WINDOWS\system32\powrprof.dll
0x00007ffdd36d0000 - 0x00007ffdd36e4000 	C:\WINDOWS\system32\profapi.dll

VM Arguments:
jvm_args: -Djava.awt.headless=true -Xmx1024M -Dfile.encoding=GBK -Duser.country=CN -Duser.language=zh -Duser.variant 
java_command: com.android.dx.command.Main --dex --force-jumbo --num-threads=4 --multi-dex --output E:\android project\rememberwords\app\build\intermediates\transforms\dex\debug\folders\1000\10\com.android.support-cardview-v7-23.4.0_f853eb7c54896640d270f8cb8eb7b641f6784d49 E:\android project\rememberwords\app\build\intermediates\exploded-aar\com.android.support\cardview-v7\23.4.0\jars\classes.jar
java_class_path (initial): D:\sdk\build-tools\24.0.1\lib\dx.jar
Launcher Type: SUN_STANDARD

Environment Variables:
PATH=C:\ProgramData\Oracle\Java\javapath;C:\WINDOWS\system32;C:\WINDOWS;C:\WINDOWS\System32\Wbem;C:\WINDOWS\System32\WindowsPowerShell\v1.0\;C:\Program Files\Java\jdk1.8.0_77\bin;C:\Program Files\Java\jdk1.8.0_77\jre\bin;D:\sdk\toos;D:\sdk\platform-tools;C:\WINDOWS\system32\config\systemprofile\.dnx\bin;C:\Program Files\Microsoft DNX\Dnvm\;C:\Program Files\Microsoft SQL Server\130\Tools\Binn\;D:\mysql\bin;E:\emsys\sam-ba_2.12\drv\;E:\emsys\sam-ba_2.12
USERNAME=zhangpeng
OS=Windows_NT
PROCESSOR_IDENTIFIER=Intel64 Family 6 Model 58 Stepping 9, GenuineIntel



---------------  S Y S T E M  ---------------

OS: Windows 10.0 , 64 bit Build 10586 (10.0.10586.0)

CPU:total 4 (2 cores per cpu, 2 threads per core) family 6 model 58 stepping 9, cmov, cx8, fxsr, mmx, sse, sse2, sse3, ssse3, sse4.1, sse4.2, popcnt, avx, aes, clmul, erms, ht, tsc, tscinvbit, tscinv

Memory: 4k page, physical 8263656k(1189284k free), swap 8263656k(4160k free)

vm_info: Java HotSpot(TM) 64-Bit Server VM (25.77-b03) for windows-amd64 JRE (1.8.0_77-b03), built on Mar 20 2016 22:01:33 by "java_re" with MS VC++ 10.0 (VS2010)

time: Wed Sep 07 20:47:09 2016
elapsed time: 0 seconds (0d 0h 0m 0s)

